
<a name="output.1"></a>
<h3>Output files for usage example </h3>
<p><h3>File: hbb_human.charge</h3>
<table width="90%"><tr><td bgcolor="#CCFFCC">
<pre>
CHARGE of HBB_HUMAN from 1 to 146: window 5

Position	Charge
1		0.100
2		-0.100
3		-0.400
4		-0.200
5		-0.200
6		-0.200
7		0.000
8		0.200
9		0.000
10		0.000
11		0.000
12		0.000
13		0.200
14		0.200
15		0.200
16		0.200
17		0.000
18		-0.400
19		-0.400
20		-0.400
21		-0.400
22		-0.400
23		-0.200
24		-0.200
25		-0.200
26		0.000
27		0.200
28		0.200
29		0.200
30		0.200
31		0.000
32		0.000
33		0.000
34		0.000
35		0.000
36		0.200
37		0.200
38		0.200
39		0.000
40		0.000
41		-0.200
42		-0.200
43		-0.400
44		-0.200
45		-0.200
46		-0.200
47		-0.200


<font color=red>  [Part of this file has been deleted for brevity]</font>

92		0.100
93		0.100
94		0.100
95		0.100
96		-0.100
97		-0.300
98		-0.400
99		-0.400
100		0.000
101		0.000
102		0.200
103		0.200
104		0.200
105		0.000
106		0.000
107		0.000
108		0.000
109		0.000
110		0.000
111		0.000
112		0.100
113		0.200
114		0.200
115		0.200
116		0.400
117		0.100
118		0.000
119		0.000
120		0.000
121		-0.200
122		0.000
123		0.000
124		0.000
125		0.000
126		0.000
127		0.000
128		0.200
129		0.200
130		0.200
131		0.200
132		0.200
133		0.000
134		0.000
135		0.000
136		0.000
137		0.000
138		0.000
139		0.100
140		0.300
141		0.300
142		0.400
</pre>
</td></tr></table><p>
