
<a name="output.1"></a>
<h3>Output files for usage example </h3>
<p><h3>File: hhtetra.qtan</h3>
<table width="90%"><tr><td bgcolor="#CCFFCC">
<pre>
########################################
# Program: equicktandem
# Rundate: Sat Jul 15 2006 12:00:00
# Commandline: equicktandem
#    -noorigfile
#    -sequence tembl:hhtetra
# Report_format: table
# Report_file: hhtetra.qtan
########################################

#=======================================
#
# Sequence: HHTETRA     from: 1   to: 1272
# HitCount: 1
#
# Threshold: 20
# Maxrepeat: 600
#
#=======================================

  Start     End   Score   Size  Count
    191     935     339      6    124

#---------------------------------------
#---------------------------------------
</pre>
</td></tr></table><p>
