
<a name="output.1"></a>
<h3>Output files for usage example </h3>
<p><h3>File: hhtetra.fuzznuc</h3>
<table width="90%"><tr><td bgcolor="#CCFFCC">
<pre>
########################################
# Program: fuzznuc
# Rundate: Sat Jul 15 2006 12:00:00
# Commandline: fuzznuc
#    -sequence tembl:hhtetra
#    -pattern AAGCTT
# Report_format: seqtable
# Report_file: hhtetra.fuzznuc
########################################

#=======================================
#
# Sequence: HHTETRA     from: 1   to: 1272
# HitCount: 2
#
# Pattern_name Mismatch Pattern
# pattern1            0 AAGCTT
# 
# Complement: No
#
#=======================================

  Start     End Pattern_name Mismatch Sequence
      1       6 pattern1            . aagctt
   1267    1272 pattern1            . aagctt

#---------------------------------------
#---------------------------------------
</pre>
</td></tr></table><p>
