
<a name="output.1"></a>
<h3>Output files for usage example </h3>
<p><h3>File: hbb_human.hmoment</h3>
<table width="90%"><tr><td bgcolor="#CCFFCC">
<pre>
HMOMENT of HBB_HUMAN from 1 to 146

Window: 10 Angle: 100 Max uH: 0.714
Position	uH
1		0.091
2		0.216
3		0.208
4		0.123
5		0.211
6		0.194
7		0.185
8		0.169
9		0.312
10		0.292
11		0.185
12		0.092
13		0.050
14		0.164
15		0.245
16		0.187
17		0.130
18		0.262
19		0.396
20		0.317
21		0.342
22		0.492
23		0.508
24		0.517
25		0.418
26		0.416
27		0.350
28		0.292
29		0.196
30		0.102
31		0.288
32		0.314
33		0.442
34		0.560
35		0.464
36		0.577
37		0.584
38		0.676
39		0.714
40		0.670
41		0.462
42		0.369
43		0.221
44		0.176
45		0.073
46		0.058


<font color=red>  [Part of this file has been deleted for brevity]</font>

87		0.179
88		0.201
89		0.065
90		0.041
91		0.110
92		0.181
93		0.261
94		0.312
95		0.200
96		0.263
97		0.369
98		0.310
99		0.362
100		0.495
101		0.585
102		0.450
103		0.488
104		0.547
105		0.315
106		0.311
107		0.252
108		0.187
109		0.215
110		0.295
111		0.425
112		0.303
113		0.421
114		0.528
115		0.487
116		0.436
117		0.501
118		0.532
119		0.409
120		0.447
121		0.308
122		0.383
123		0.252
124		0.361
125		0.374
126		0.314
127		0.219
128		0.310
129		0.361
130		0.439
131		0.433
132		0.507
133		0.336
134		0.344
135		0.207
136		0.234
137		0.299
</pre>
</td></tr></table><p>
