
<a name="output.1"></a>
<h3>Output files for usage example </h3>
<p><h3>File: makeseq.fasta</h3>
<table width="90%"><tr><td bgcolor="#CCFFCC">
<pre>
&gt;EMBOSS_001
nrvlhpepnprtdniytpawirllygvwvwnrqachnkeerkryppklmmydsqfwcdfe
wadccspkqgwhgnlvkvnrteemfgmqflpqvhpgkkvd
&gt;EMBOSS_002
vtvkddwhkdwwcrpamdylhywlkqrnhytdlslyyttstprwarmadtflapegndcv
qtmywrwvndgdivclecqvcgrfdiymvqdsgqidkghs
&gt;EMBOSS_003
celpniypyweragingdwhetvtvrmhcnnddilwyqmnykppsshavhyivwrrnwcw
nfidqgdgdnrncmnytsnapeqksqlkyghkrqftvvvr
&gt;EMBOSS_004
cshpdepancgridtykhvaydmtdtkaeyhgsspelqslrqkfsnqvwhnraviwwehp
iqdcrlkhselrchskhlseikmpvevtmsdwlmytgyfm
&gt;EMBOSS_005
cpcqytiqygsdlfldsqmpkckkisvelvclvynaqsnlsyfiheaafmvfhpfsllci
meecinwincriaiwppkfvqleidkmiwkvklqcknvcw
&gt;EMBOSS_006
ifawkitieywnktydldkmrklakdfgfppfdpwpihvgccnisnwfmepkfwaqmkcw
mstltiedndwlmlnttefgeqllfywmhwmpcqdewqph
&gt;EMBOSS_007
eiviqqfmvshealkqlgnkwnsqqmhvndriydvkhlvdasnfihhplnkryfrenvns
tacccvhtwsipclfqtidhivnldgaygpwyrvkyshsp
&gt;EMBOSS_008
hmcmmmshfyvgycffvsvrdqrqtceyphvlmhnilftqgralwvrskqpqcadnhqpk
ghwwvawrlqsymkgpqykpqkdwwqgkkffghiwemvrc
&gt;EMBOSS_009
rwydtkfimsgkfaysarqyprqikegeatalrsgpqicpaewiaanypgasfekrqfmd
mqwicgyeprehrwsekymshesvkkgyrhglkngveyqt
&gt;EMBOSS_010
yatmyyygtgmtmkwgepiyvaqflirneqepkvkhahghdascrpkirldlfleerpnp
yksvsfnrfyaggkliigiitydttchkihahdrkeekar
&gt;EMBOSS_011
arakqhrkhmlvknsanwayqswdgkskllvtfghvmenmfkhwrkrsmncvrpinrhfe
gpvmigvkadcqghgqidniqcawpnfedmhamrtvqqvm
&gt;EMBOSS_012
dkihtlrhnhypshmtmtewetvvgvfmipcsmariscpvwgnwphmqglcyppwsgtpn
esqgctnnitfwmnwvspywlfpdlpnfatfmtlgnqrfh
&gt;EMBOSS_013
fkghwqakfphwlsydlkitkyftrqfhmnfiarmngasnfhgrsriawmahlwnqhara
qaflmrlstheyewyfrnqapldqlfnecvlpvmsawhmw
&gt;EMBOSS_014
shhsqgkrnnectscqdqagfdcadnfttqvmekhwtheifnhivgisaittthyvytmt
wcqsfsnmnnlwsragchwevdiagvrmmdicfsvyercf
&gt;EMBOSS_015
hknwdqldarqikalervvclpcenqvidtmvvglifkkkdlfmintwqtwkgisvysci
hqfligfinkgwfpdaysvgvlmfdqdaienadahgdhhl
&gt;EMBOSS_016
gwylwhlgntdaqfeghstgnvhhedkathldfyhedwgchnrtqppvfgmanrwdvakk
seygwmvgfhqcddtlgyfemfhawywgypgcdfhfnrpp
&gt;EMBOSS_017
lfqtfqvwnaymgcgryaclewysaisgcsvmqfgdfkdpifhfptdrlwggiesgdkev


<font color=red>  [Part of this file has been deleted for brevity]</font>

&gt;EMBOSS_084
yscilavytfadkdtptkkapetdlnpdhermykmhdhsrtghwtrnnigcksssyisqv
tciplripvnfrlvvawrcwmdlqddwkphmnmffmrray
&gt;EMBOSS_085
iivhagtkvksgdpaiglirectikwcemwpdsicdtfkivkyfiqskttmqsyyvnilr
lsravaskdsqetdtcgdsmdmshvcpkchqnwhslgsdh
&gt;EMBOSS_086
frqhcqqnsdvfqyrhwktfpfryakchgihvwpkptmeccwlprhqwkktnrvnpvlnf
ytdhhkviceqlelvvsykhskdrvthqmprrnvgegqdw
&gt;EMBOSS_087
ctedmshteihecsmfddlrdwhmkrdcsipnagrkkegwipkldmmrycvylqipktti
fhdvsatcvasfmvhkpndfmlckrciyhykgdtwwrpwt
&gt;EMBOSS_088
ygscslkqtqlgsggkehqqqyleqayewavmisgspnciqsepwmmsmgkpkfwivryn
yekcvmdgyacfqkwegpdhwvsvvhrkmydrggffylge
&gt;EMBOSS_089
hhqkiqscaitwtgiinqqwfmmnrrgwakkqdhqasafvitdnkrswtreyfnkmvism
mkmhcvqtnvhcsaqrrsmhtppyntlitvprmgcpyfka
&gt;EMBOSS_090
akrdfsklilitwvlhficlrfgafaffgmemailrpsdqiywsnmqhnamfkptdhmlv
pelycargfavhpadqgghwwlderteiphyrikdrshde
&gt;EMBOSS_091
pyrehgtmcpckvwqcplydgtadsrgagywpsfhneppqgvseiefeccmaciqqctka
ffqgdamkkkylqnqevptpypdhildnmlqsvyqggqsq
&gt;EMBOSS_092
alhntshnerdmetlwgagcfivemkahfvcyelrkgcrcrrsfnvkfhahaqdwwffmd
snptmgncgeqltgpkqhadilfidinqmmctmchchqye
&gt;EMBOSS_093
aflkktaalkrfrmmtvtmvnqlwcagatifmhilkdlsrsmilgrhcegmwillcfasy
ralvkvdsgtkrwwhkdflelywwdeayrhysetqyasav
&gt;EMBOSS_094
rshvqnvdhpssidmkripdwtcqglqmqinlwllrragirravmykiwdkgemnvelah
iwayhgfrsfikfgqpiqkmrvmyerilptdllyiedcnh
&gt;EMBOSS_095
yenmtynnavemahpeirnwlwrsgfdpmgvhchladnppvscatlvmklwitnfwaaqy
pvwnqfltcyqmprqleflrglvgnchhdrwwqdalitrt
&gt;EMBOSS_096
rdhgrspnwmkftvgvdmtalmycwrdrlewliacfhftmkrgkciewmselicppptnf
vqisnrcmsirgwmymradkeaqcnirwyiyahlkhkwgm
&gt;EMBOSS_097
aygfwfqqhhhfeptkqpeylawqtwtcvkkrcqsytachfeqvthvnkcpsqpiapced
dpsptitsssscnierktgigltcysnhgalmritpkyci
&gt;EMBOSS_098
vaaiydmiaqwvviqtwfvttddqerclwwesrhqyydeyeffftistpvwcyprrrlia
ghaqvikywawvdeslipsefqqapeipdpigpgkvqpeq
&gt;EMBOSS_099
vlmpqdsprpefivnvfntadpscecsckfqlfmcekffncikangvnvdmpchipkaam
tecytlqiawppqnkltypgvhtksfgeewldhmpieqgg
&gt;EMBOSS_100
seffvlpnicymnwnramyvfshwwycfpcsymkdklfwdtrypqihpapklnmedacpg
ytctrpqryqilarqtwyarkhygwvnwtdiascntmdgq
</pre>
</td></tr></table><p>

<a name="output.2"></a>
<h3>Output files for usage example 2</h3>
<p><h3>File: makeseq.fasta</h3>
<table width="90%"><tr><td bgcolor="#CCFFCC">
<pre>
&gt;EMBOSS_001
eqngievefrcplriaaeyahqsgatanpaedqllifgvlqsqaerggfgavpdkallvv
nllvlargqkaikegpsaecpvlgttgqtgrdntekssnv
&gt;EMBOSS_002
npnsvlatsvnavqeyslmgtmagsqdriaavgagmapaaprcnydsllavglrvkevlp
qaranqnaelilialsvlqnltqvvsaspqlqtqilhtta
&gt;EMBOSS_003
llgersmqmnvdyksrivatvaapndgtveevligamdgemhrraqiyataipnqqrmln
rlhldiltlrdevgrmpaeyevqgadghmkihcdkpappq
&gt;EMBOSS_004
laielvelevkdhvaasinlmlgavagylmttqaevgqqsqqglprdaairqyasmavtr
sdlvcgsiqvgqvtasisplsssravapgqvassmatakr
&gt;EMBOSS_005
vevqaphdmtavsksvqdfrsvhssqavgalsalryqaegqmksivyllfaktrvpssli
flvlsrmseldsysaersvaqglhvsginsagsdwhrnla
&gt;EMBOSS_006
ivynsspslmnfgamlglsgdhsygvktleelvrnrhtailvrsqeavsvrhvnldfgva
fqagpsvlelngsgeaalvtlqsgkmnginsevqllndei
&gt;EMBOSS_007
vsaiqdkgaqillssqstrgaraqqftarvqhmvagtsnlyqrvhttegegdaldvepea
allvvaipnqievgvqahvthargltlatealqpglatqr
&gt;EMBOSS_008
iglrssattmniawklaaaqlqqdpllmqingfifiglaqidysnnqasqrdvlleidrh
kimnnyadsqamshkrqmsedglanqtghvkttsnvgnql
&gt;EMBOSS_009
qamlaskifqtsklaqyqdaqqdssltvlpygcqieqslrlvaiyyrldtlpvvgddvsv
rqasvtavdqliqaalgaraivqasgtmditggriplaqa
&gt;EMBOSS_010
myafmmakatgpssatvqianydkgsceldlegasiytkilypvqrsidslgvsvvqqre
asaaavrqkmlktssihkisamvpavtssilivdgllslq
&gt;EMBOSS_011
lclgdiqsiggngfqyraymdaalksagggppvtiafleglstndsdagfvpqrifqikv
idpssiaslllqtitdslridlyarrvvlrtygdppddas
&gt;EMBOSS_012
lssiagdiriarqtspgavmlanpkpvgirlasyqsaleaatraeirdtglarraatpre
vqdtvaeesavasranqemasvrvgeeklavfpgirdqkt
&gt;EMBOSS_013
ksitaqyhvetngpmlghsasmvpqdktgrviydsrtyarkitdqdslagytgmrqiyql
qwvggdsqatvalaatcrdlrgldskrvvagdpgqyaisn
&gt;EMBOSS_014
atiadkgdrrvlpqvqldlkkllylrkaadagvstnptvsleiiaksqlspaptanapsp
aldqkqrgffgaaqyivtnlplswkaqgsvsvvqpmvdvl
&gt;EMBOSS_015
igeavdgllddhslgldaplselvrqnhlasnntgskhshlsksheaadaagthaaacls
tqksstkseskakrlyaqatagflvqlysvrlvlttltts
&gt;EMBOSS_016
inagntgtealydkvtiaatrattvvsypiglkaivlmivirqpqrqavtryednlawsg
avmiasaikidlvvpsiaklrvtlmmakaekvlkitrdre
&gt;EMBOSS_017
gvqpvqaarlasiliqalvsvnmqysqtvqarqktlkhvesltlrplqgaktslptvgln


<font color=red>  [Part of this file has been deleted for brevity]</font>

&gt;EMBOSS_084
mqvsgynaavlvslpepsgyevpvsreltvdsasrivtaqaitaadresivgpqqmipda
alsrgqheprlqsaalndwnsvsqvlasrifrgvkfddla
&gt;EMBOSS_085
hsailtaspgatvelhtsiqlvpssallgaevqslvpvhhasakhqchppsqammarssd
gqqyayphvadlplalklqslsaiavqgliqfaiasiqli
&gt;EMBOSS_086
kqdtwdqrqlakqmqtasakrkqmygvtthipmehrpslvvasectqashprdpernsrv
maliisnslvdglsaaqmhiasldaatdsecqeptvkqva
&gt;EMBOSS_087
valvgqtavitvlprkvvgdvatssqllqsqeltcssvtniegglrrqmvnagqhrsapi
livnalplalavsptserllsgvsdvsmiastvpnnqeaa
&gt;EMBOSS_088
atalqgsqaqskattsvtqddagvdlavalashpkaerlsdaleasgagthrslnsaqae
mlgvpfviallldgnvievtanapntdhgmlditvvastv
&gt;EMBOSS_089
ttqsidalyhpnaiiirdqnvgfeqdknlgsdviqlqyvnsplegcqnpqlmkrgrasqs
sssiwpdaraivqydqqagtpedmrpssparqftlemlgy
&gt;EMBOSS_090
yhdltqsgissanngtkiwgqvklvylktglfyssdeqvqsmnqrgdielrvgepvtssn
rvsmlldiklptrlvqktimasvvdalhriaqhhvqqilv
&gt;EMBOSS_091
eacvtkaglrvgpnqlegmltpwvadklkaarqvielerdiaavhlvlvlsyvsqqvahy
vkqtllggsgmgdrdvneprmdvisgvegsdqnmqtkqqd
&gt;EMBOSS_092
lgieaqtrvdvglpsniltlvsnvgsytkalmvgqgilqlqqqkraskiliyqvmntvgl
cedagielilqsatrsqtylhsvilsrqrflpgvtliqav
&gt;EMBOSS_093
lvghhalyshdvqsgpnpsafqsnlytypivgihssvspqqssskdtlvtsmssswvyaa
dygpgalqtpsqantsltglsaamvlymdiaalaqayala
&gt;EMBOSS_094
qqindeavteaqhvrhqselapvqksdsqsrsnssqqlticdyarmsinvhivreavslt
inymitvqakisvkdqsqssdagmvqigrpvggmsvvvft
&gt;EMBOSS_095
mlrgpaerypvgyievscrngaqqikvrsipilisyvreeaqvyagarsgasaelayydm
eanrqkspvadrqqqslvgqkgairvtildnaqvlsspqp
&gt;EMBOSS_096
qvtiqqeensgvpakavgplggavaqlcslmgillvtkasgdtslivnsqlghledrprv
nqsardwgqsqkasarqlvgvldlricamhmytsgignts
&gt;EMBOSS_097
lmtkavqqtitkvqagdrlasyndamalaghqvdqaayvtkvdppinrhleaqqsyelvv
leqrpspqaqalrsvdsptstgpvmariilggqspesals
&gt;EMBOSS_098
nlyhmvrswqaaasqpmvapalvqvcvganvqdtdmmvvmvtkkpsqpepavaddqqssl
tiyqasslmlnnllagiravlddlrvsdvrhtrtspdrld
&gt;EMBOSS_099
pgredlqedrvvsnrakrawveplvvqwhvdsvgllgvlelhglrkneavgrvihegyls
pllaagdslnqrqrgsamekatpsqtklvnglifeildtt
&gt;EMBOSS_100
qlklpgqfslafrnedlgmnkqtanmlkevqmsslggkavpdaeditelegseflvwldt
mpvaqrddadhgldqanaydhiminpraplilqleasltq
</pre>
</td></tr></table><p>
