
<a name="output.1"></a>
<h3>Output files for usage example </h3>
<p><h3>File: laci_ecoli.pepstats</h3>
<table width="90%"><tr><td bgcolor="#CCFFCC">
<pre>
PEPSTATS of LACI_ECOLI from 1 to 360

Molecular weight = 38563.97  		Residues = 360   
Average Residue Weight  = 107.122 	Charge   = 1.5   
Isoelectric Point = 6.8820
A280 Molar Extinction Coefficient  = 21620   
A280 Extinction Coefficient 1mg/ml = 0.56      
Improbability of expression in inclusion bodies = 0.670

Residue		Number		Mole%		DayhoffStat
A = Ala		44		12.222 		1.421  	
B = Asx		0		0.000  		0.000  	
C = Cys		3		0.833  		0.287  	
D = Asp		17		4.722  		0.859  	
E = Glu		15		4.167  		0.694  	
F = Phe		4		1.111  		0.309  	
G = Gly		22		6.111  		0.728  	
H = His		7		1.944  		0.972  	
I = Ile		18		5.000  		1.111  	
J = ---		0		0.000  		0.000  	
K = Lys		11		3.056  		0.463  	
L = Leu		40		11.111 		1.502  	
M = Met		10		2.778  		1.634  	
N = Asn		12		3.333  		0.775  	
O = ---		0		0.000  		0.000  	
P = Pro		14		3.889  		0.748  	
Q = Gln		28		7.778  		1.994  	
R = Arg		19		5.278  		1.077  	
S = Ser		33		9.167  		1.310  	
T = Thr		19		5.278  		0.865  	
U = ---		0		0.000  		0.000  	
V = Val		34		9.444  		1.431  	
W = Trp		2		0.556  		0.427  	
X = Xaa		0		0.000  		0.000  	
Y = Tyr		8		2.222  		0.654  	
Z = Glx		0		0.000  		0.000  	

Property	Residues		Number		Mole%
Tiny		(A+C+G+S+T)		121		33.611
Small		(A+B+C+D+G+N+P+S+T+V)	198		55.000
Aliphatic	(I+L+V)			92		25.556
Aromatic	(F+H+W+Y)		21		 5.833
Non-polar	(A+C+F+G+I+L+M+P+V+W+Y)	199		55.278
Polar		(D+E+H+K+N+Q+R+S+T+Z)	161		44.722
Charged		(B+D+E+H+K+R+Z)		69		19.167
Basic		(H+K+R)			37		10.278
Acidic		(B+D+E+Z)		32		 8.889

</pre>
</td></tr></table><p>
