
<a name="output.1"></a>
<h3>Output files for usage example </h3>
<p><h3>File: 100k_rat.preg</h3>
<table width="90%"><tr><td bgcolor="#CCFFCC">
<pre>
########################################
# Program: preg
# Rundate: Sat Jul 15 2006 12:00:00
# Commandline: preg
#    -sequence tsw:*_rat
#    -pattern IA[QWF]A
# Report_format: seqtable
# Report_file: 100k_rat.preg
########################################

#=======================================
#
# Sequence: 100K_RAT     from: 1   to: 889
# HitCount: 1
#
# Pattern: IA[QWF]A
#
#=======================================

  Start     End Pattern_name Sequence
    390     393 regex1       IAQA

#---------------------------------------
#---------------------------------------
</pre>
</td></tr></table><p>
