
<a name="output.1"></a>
<h3>Output files for usage example </h3>
<p><h3>File: eclac.seqmatchall</h3>
<table width="90%"><tr><td bgcolor="#CCFFCC">
<pre>
########################################
# Program: seqmatchall
# Rundate: Sat 15 Jul 2006 12:00:00
# Commandline: seqmatchall
#    -sequence "tembl:eclac*"
#    -wordsize 15
# Align_format: match
# Report_file: eclac.seqmatchall
########################################

#=======================================
#
# Aligned_sequences: 2
# 1: ECLAC
# 2: ECLACA
#=======================================

  1832 ECLAC           +     5646..7477     ECLACA          +        1..1832

#=======================================
#
# Aligned_sequences: 2
# 1: ECLAC
# 2: ECLACI
#=======================================

  1113 ECLAC           +       49..1161     ECLACI          +        1..1113

#=======================================
#
# Aligned_sequences: 2
# 1: ECLAC
# 2: ECLACY
#=======================================

  1500 ECLAC           +     4305..5804     ECLACY          +        1..1500

#=======================================
#
# Aligned_sequences: 2
# 1: ECLAC
# 2: ECLACZ
#=======================================

  3078 ECLAC           +     1287..4364     ECLACZ          +        1..3078

#=======================================
#
# Aligned_sequences: 2
# 1: ECLACA
# 2: ECLACY
#=======================================

   159 ECLACA          +        1..159      ECLACY          +     1342..1500

#=======================================
#
# Aligned_sequences: 2
# 1: ECLACY
# 2: ECLACZ
#=======================================

    60 ECLACY          +        1..60       ECLACZ          +     3019..3078

#---------------------------------------
#---------------------------------------
</pre>
</td></tr></table><p>
