
<a name="output.1"></a>
<h3>Output files for usage example </h3>
<p><h3>File: hsfau.silent </h3>
<table width="90%"><tr><td bgcolor="#CCFFCC">
<pre>
########################################
# Program: silent
# Rundate: Sat Jul 15 2006 12:00:00
# Commandline: silent
#    -sequence tembl:hsfau
#    -enzymes ecori,hindiii
# Report_format: table
# Report_file: hsfau.silent
########################################

#=======================================
#
# Sequence: HSFAU     from: 1   to: 518
# HitCount: 1
#
# KEY:
# EnzymeName: Enzyme name
# RS-Pattern: Restriction enzyme recognition site pattern
# Base-Posn: Position of base to be mutated
# AAs: Amino acid. Original sequence(.)After mutation
# Silent: Yes for unchanged amino acid
# Mutation: The base mutation to perform
# 
# Creating silent and non-silent mutations
#
#=======================================

  Start     End Dir    EnzymeName RS-Pattern Base-Posn    AAs Silent Mutation
    272     267 Rev    HindIII    AAGCTT           268    A.A    Yes     A-&gt;T

#---------------------------------------
#---------------------------------------
</pre>
</td></tr></table><p>
