
<a name="output.1"></a>
<h3>Output files for usage example </h3>
<p><h3>File: hsfau.twofeat</h3>
<table width="90%"><tr><td bgcolor="#CCFFCC">
<pre>
########################################
# Program: twofeat
# Rundate: Sat 15 Jul 2006 12:00:00
# Commandline: twofeat
#    [-sequence] tembl:hsfau
#    -atype polyA_signal
#    -btype polyA_site
#    -minrange 10
#    -maxrange 50
# Report_format: table
# Report_file: hsfau.twofeat
########################################

#=======================================
#
# Sequence: HSFAU     from: 1   to: 518
# HitCount: 1
#=======================================

  Start     End   Score starta   enda startb   endb
    484     509   0.000    484    489    509    509

#---------------------------------------
#---------------------------------------

#---------------------------------------
# Total_sequences: 1
# Total_hitcount: 1
#---------------------------------------
</pre>
</td></tr></table><p>

<a name="output.2"></a>
<h3>Output files for usage example 2</h3>
<p><h3>File: hsfau.twofeat</h3>
<table width="90%"><tr><td bgcolor="#CCFFCC">
<pre>
##gff-version 2.0
##date 2006-07-15
##Type DNA HSFAU
HSFAU	EMBL	polyA_signal	484	489	0.000	+	.	Sequence "HSFAU.6"
HSFAU	EMBL	polyA_site	509	509	0.000	+	.	Sequence "HSFAU.7" ; FeatFlags "0x40"
</pre>
</td></tr></table><p>
