
<a name="output.5"></a>
<h3>Output files for usage example 5</h3>
<p><h3>File: wossname.html</h3>
<table width="90%"><tr><td bgcolor="#CCFFCC">
<h2><a name="ACD">ACD</a></h2>
<table border cellpadding=4 bgcolor="#FFFFF0">
<tr><th>Program name</th><th>Description</th></tr>
<tr>
<td><a href="acdc.html">acdc</a></td>
<td>ACD compiler</td>
</tr>

<tr>
<td><a href="acdpretty.html">acdpretty</a></td>
<td>ACD pretty printing utility</td>
</tr>

<tr>
<td><a href="acdtable.html">acdtable</a></td>
<td>Creates an HTML table from an ACD file</td>
</tr>

<tr>
<td><a href="acdtrace.html">acdtrace</a></td>
<td>ACD compiler on-screen trace</td>
</tr>

<tr>
<td><a href="acdvalid.html">acdvalid</a></td>
<td>ACD file validation</td>
</tr>

</table>
<h2><a name="ALIGNMENT CONSENSUS">ALIGNMENT CONSENSUS</a></h2>
<table border cellpadding=4 bgcolor="#FFFFF0">
<tr><th>Program name</th><th>Description</th></tr>
<tr>
<td><a href="cons.html">cons</a></td>
<td>Creates a consensus from multiple alignments</td>
</tr>

<tr>
<td><a href="megamerger.html">megamerger</a></td>
<td>Merge two large overlapping nucleic acid sequences</td>
</tr>

<tr>
<td><a href="merger.html">merger</a></td>
<td>Merge two overlapping sequences</td>
</tr>

</table>
<h2><a name="ALIGNMENT DIFFERENCES">ALIGNMENT DIFFERENCES</a></h2>
<table border cellpadding=4 bgcolor="#FFFFF0">


<font color=red>  [Part of this file has been deleted for brevity]</font>

<tr><th>Program name</th><th>Description</th></tr>
<tr>
<td><a href="dbiblast.html">dbiblast</a></td>
<td>Index a BLAST database</td>
</tr>

<tr>
<td><a href="dbifasta.html">dbifasta</a></td>
<td>Database indexing for fasta file databases</td>
</tr>

<tr>
<td><a href="dbiflat.html">dbiflat</a></td>
<td>Index a flat file database</td>
</tr>

<tr>
<td><a href="dbigcg.html">dbigcg</a></td>
<td>Index a GCG formatted database</td>
</tr>

<tr>
<td><a href="dbxfasta.html">dbxfasta</a></td>
<td>Database b+tree indexing for fasta file databases</td>
</tr>

<tr>
<td><a href="dbxflat.html">dbxflat</a></td>
<td>Database b+tree indexing for flat file databases</td>
</tr>

<tr>
<td><a href="dbxgcg.html">dbxgcg</a></td>
<td>Database b+tree indexing for GCG formatted databases</td>
</tr>

</table>
<h2><a name="UTILS MISC">UTILS MISC</a></h2>
<table border cellpadding=4 bgcolor="#FFFFF0">
<tr><th>Program name</th><th>Description</th></tr>
<tr>
<td><a href="embossdata.html">embossdata</a></td>
<td>Finds or fetches data files read by EMBOSS programs</td>
</tr>

<tr>
<td><a href="embossversion.html">embossversion</a></td>
<td>Writes the current EMBOSS version number</td>
</tr>

</table>
</td></tr></table><p>
