This is TeX, Version 3.14159 (Web2C 7.3.1) (format=latex 2000.3.7)  8 FEB 2001 18:58
**admin.tex
(admin.tex
LaTeX2e <1998/12/01> patch level 1
Babel <v3.6x> and hyphenation patterns for american, french, german, ngerman, i
talian, nohyphenation, loaded.
(/usr/share/texmf/tex/latex/base/report.cls
Document Class: report 1999/01/07 v1.4a Standard LaTeX document class
(/usr/share/texmf/tex/latex/base/size10.clo
File: size10.clo 1999/01/07 v1.4a Standard LaTeX file (size option)
)
\c@part=\count79
\c@chapter=\count80
\c@section=\count81
\c@subsection=\count82
\c@subsubsection=\count83
\c@paragraph=\count84
\c@subparagraph=\count85
\c@figure=\count86
\c@table=\count87
\abovecaptionskip=\skip41
\belowcaptionskip=\skip42
\bibindent=\dimen102
)
(/usr/share/texmf/tex/latex/tools/verbatim.sty
Package: verbatim 1997/04/30 v1.5k LaTeX2e package for verbatim enhancements
\every@verbatim=\toks14
\verbatim@line=\toks15
\verbatim@in@stream=\read1
) (emboss.sty
Package: emboss 
) (admin.aux)
\openout1 = `admin.aux'.

LaTeX Font Info:    Checking defaults for OML/cmm/m/it on input line 5.
LaTeX Font Info:    ... okay on input line 5.
LaTeX Font Info:    Checking defaults for T1/cmr/m/n on input line 5.
LaTeX Font Info:    ... okay on input line 5.
LaTeX Font Info:    Checking defaults for OT1/cmr/m/n on input line 5.
LaTeX Font Info:    ... okay on input line 5.
LaTeX Font Info:    Checking defaults for OMS/cmsy/m/n on input line 5.
LaTeX Font Info:    ... okay on input line 5.
LaTeX Font Info:    Checking defaults for OMX/cmex/m/n on input line 5.
LaTeX Font Info:    ... okay on input line 5.
LaTeX Font Info:    Checking defaults for U/cmr/m/n on input line 5.
LaTeX Font Info:    ... okay on input line 5.
LaTeX Font Info:    External font `cmex10' loaded for size
(Font)              <12> on input line 10.
LaTeX Font Info:    External font `cmex10' loaded for size
(Font)              <8> on input line 10.
LaTeX Font Info:    External font `cmex10' loaded for size
(Font)              <6> on input line 10.

[1

] (admin.toc
LaTeX Font Info:    External font `cmex10' loaded for size
(Font)              <7> on input line 2.
LaTeX Font Info:    External font `cmex10' loaded for size
(Font)              <5> on input line 2.
 [1

])
\tf@toc=\write3
\openout3 = `admin.toc'.

 [2]
 1.
[3

] [4]
 2.
[5

]
Underfull \hbox (badness 4479) in paragraph at lines 145--146
\OT1/cmr/m/n/10 A new di-rec-tory \OT1/cmss/m/sl/10 ftp.uk.embnet.org \OT1/cmr/
m/n/10 has been cre-ated and EM-BOSS can be found at
 []

[6]
Overfull \hbox (3.20515pt too wide) in paragraph at lines 206--208
\OT1/cmr/m/n/10 will in-stall \OT1/cmss/bx/n/10 EM-BOSS \OT1/cmr/m/n/10 un-der 
\OT1/cmss/m/sl/10 /site/prog/emboss\OT1/cmr/m/n/10 . The bi-na-ries will be in-
stalled in \OT1/cmss/m/sl/10 /site/prog/emboss/bin
 []


Overfull \hbox (5.81628pt too wide) in paragraph at lines 206--208
\OT1/cmr/m/n/10 spond-ing to the pack-age name.) Doc-u-men-ta-tion is in-stalle
d in \OT1/cmss/m/sl/10 /site/prog/emboss/share/EMBOSS/doc\OT1/cmr/m/n/10 .
 []

[7] [8]
LaTeX Font Info:    Try loading font information for OMS+cmr on input line 303.

 (/usr/share/texmf/tex/latex/base/omscmr.fd
File: omscmr.fd 1998/03/27 v2.5g Standard LaTeX font definitions
)
LaTeX Font Info:    Font shape `OMS/cmr/m/n' in size <10> not available
(Font)              Font shape `OMS/cmsy/m/n' tried instead on input line 303.

Underfull \hbox (badness 1158) in paragraph at lines 304--305
[]\OT1/cmr/m/n/10 define \OT1/cmss/m/sl/10 COM-PILER[]DEFAULTS[]PATH \OT1/cmr/m
/n/10 ap-pro-pri-ately (see \OT1/cmss/m/sl/10 pe[]environ\OT1/cmr/m/n/10 ) to l
ook for a \OT1/cmss/m/sl/10 com-
 []

[9] [10] [11] [12]
 3.
[13

] [14]
Underfull \hbox (badness 10000) in paragraph at lines 591--593

 []

[15] [16] [17] [18] [19] [20] [21] [22] [23] [24] [25] [26] [27]
 4.
[28

]
 5.

Overfull \hbox (2.83832pt too wide) in paragraph at lines 1272--1273
[]\OT1/cmr/m/n/10 Detailed doc-u-men-ta-tion on in-stal-la-tion of \OT1/cmss/bx
/n/10 EM-BOSS \OT1/cmr/m/n/10 on FreeBSD.[] 
 []

[29

] [30] [31] [32]
 6.
[33

] (admin.aux) ) 
Here is how much of TeX's memory you used:
 342 strings out of 10898
 3700 string characters out of 96882
 51138 words of memory out of 263001
 3315 multiletter control sequences out of 10000+0
 14746 words of font info for 51 fonts, out of 400000 for 1000
 14 hyphenation exceptions out of 1000
 23i,11n,20p,737b,313s stack positions out of 300i,100n,500p,50000b,4000s

Output written on admin.dvi (34 pages, 101756 bytes).
